{"/home/zeno/enefti/backend/src/server.ts": {"path":"/home/zeno/enefti/backend/src/server.ts","statementMap":{"0":{"start":{"line":17,"column":12},"end":{"line":17,"column":21}},"1":{"start":{"line":19,"column":0},"end":{"line":19,"column":38}},"2":{"start":{"line":21,"column":0},"end":{"line":32,"column":2}},"3":{"start":{"line":40,"column":20},"end":{"line":68,"column":1}},"4":{"start":{"line":41,"column":2},"end":{"line":41,"column":20}},"5":{"start":{"line":44,"column":17},"end":{"line":46,"column":4}},"6":{"start":{"line":48,"column":2},"end":{"line":48,"column":23}},"7":{"start":{"line":50,"column":2},"end":{"line":56,"column":4}},"8":{"start":{"line":59,"column":17},"end":{"line":65,"column":6}},"9":{"start":{"line":61,"column":6},"end":{"line":61,"column":77}},"10":{"start":{"line":64,"column":6},"end":{"line":64,"column":18}},"11":{"start":{"line":67,"column":2},"end":{"line":67,"column":16}},"12":{"start":{"line":70,"column":15},"end":{"line":70,"column":28}}},"fnMap":{"0":{"name":"(anonymous_0)","decl":{"start":{"line":40,"column":20},"end":{"line":40,"column":21}},"loc":{"start":{"line":40,"column":49},"end":{"line":68,"column":1}},"line":40},"1":{"name":"(anonymous_1)","decl":{"start":{"line":60,"column":29},"end":{"line":60,"column":30}},"loc":{"start":{"line":60,"column":35},"end":{"line":62,"column":5}},"line":60},"2":{"name":"(anonymous_2)","decl":{"start":{"line":63,"column":21},"end":{"line":63,"column":22}},"loc":{"start":{"line":63,"column":32},"end":{"line":65,"column":5}},"line":63}},"branchMap":{"0":{"loc":{"start":{"line":19,"column":16},"end":{"line":19,"column":36}},"type":"binary-expr","locations":[{"start":{"line":19,"column":16},"end":{"line":19,"column":20}},{"start":{"line":19,"column":24},"end":{"line":19,"column":36}}],"line":19}},"s":{"0":1,"1":1,"2":1,"3":1,"4":1,"5":1,"6":1,"7":1,"8":1,"9":1,"10":0,"11":1,"12":1},"f":{"0":1,"1":1,"2":0},"b":{"0":[1,0]},"_coverageSchema":"1a1c01bbd47fc00a2c39e90264f33305004495a9","hash":"767af3024c3a081e82a6a32fac0701f3eda4b522"}
,"/home/zeno/enefti/backend/src/__tests__/routes/graphql/nft.test.ts": {"path":"/home/zeno/enefti/backend/src/__tests__/routes/graphql/nft.test.ts","statementMap":{"0":{"start":{"line":7,"column":0},"end":{"line":84,"column":3}},"1":{"start":{"line":9,"column":17},"end":{"line":9,"column":21}},"2":{"start":{"line":10,"column":17},"end":{"line":10,"column":21}},"3":{"start":{"line":20,"column":26},"end":{"line":24,"column":3}},"4":{"start":{"line":21,"column":4},"end":{"line":21,"column":23}},"5":{"start":{"line":23,"column":4},"end":{"line":23,"column":16}},"6":{"start":{"line":27,"column":2},"end":{"line":29,"column":5}},"7":{"start":{"line":28,"column":4},"end":{"line":28,"column":28}},"8":{"start":{"line":31,"column":2},"end":{"line":39,"column":5}},"9":{"start":{"line":32,"column":4},"end":{"line":36,"column":19}},"10":{"start":{"line":38,"column":4},"end":{"line":38,"column":62}},"11":{"start":{"line":40,"column":2},"end":{"line":49,"column":5}},"12":{"start":{"line":41,"column":4},"end":{"line":45,"column":19}},"13":{"start":{"line":47,"column":4},"end":{"line":47,"column":41}},"14":{"start":{"line":48,"column":4},"end":{"line":48,"column":47}},"15":{"start":{"line":50,"column":2},"end":{"line":62,"column":5}},"16":{"start":{"line":51,"column":4},"end":{"line":55,"column":19}},"17":{"start":{"line":56,"column":4},"end":{"line":56,"column":41}},"18":{"start":{"line":58,"column":26},"end":{"line":58,"column":54}},"19":{"start":{"line":60,"column":4},"end":{"line":60,"column":24}},"20":{"start":{"line":61,"column":4},"end":{"line":61,"column":30}},"21":{"start":{"line":63,"column":2},"end":{"line":71,"column":5}},"22":{"start":{"line":64,"column":4},"end":{"line":68,"column":19}},"23":{"start":{"line":70,"column":4},"end":{"line":70,"column":53}},"24":{"start":{"line":72,"column":2},"end":{"line":79,"column":5}},"25":{"start":{"line":73,"column":4},"end":{"line":76,"column":19}},"26":{"start":{"line":78,"column":4},"end":{"line":78,"column":53}},"27":{"start":{"line":81,"column":2},"end":{"line":83,"column":5}},"28":{"start":{"line":82,"column":4},"end":{"line":82,"column":28}}},"fnMap":{"0":{"name":"(anonymous_0)","decl":{"start":{"line":7,"column":40},"end":{"line":7,"column":41}},"loc":{"start":{"line":7,"column":46},"end":{"line":84,"column":1}},"line":7},"1":{"name":"(anonymous_1)","decl":{"start":{"line":20,"column":26},"end":{"line":20,"column":27}},"loc":{"start":{"line":20,"column":53},"end":{"line":24,"column":3}},"line":20},"2":{"name":"(anonymous_2)","decl":{"start":{"line":27,"column":13},"end":{"line":27,"column":14}},"loc":{"start":{"line":27,"column":25},"end":{"line":29,"column":3}},"line":27},"3":{"name":"(anonymous_3)","decl":{"start":{"line":31,"column":28},"end":{"line":31,"column":29}},"loc":{"start":{"line":31,"column":40},"end":{"line":39,"column":3}},"line":31},"4":{"name":"(anonymous_4)","decl":{"start":{"line":40,"column":34},"end":{"line":40,"column":35}},"loc":{"start":{"line":40,"column":46},"end":{"line":49,"column":3}},"line":40},"5":{"name":"(anonymous_5)","decl":{"start":{"line":50,"column":43},"end":{"line":50,"column":44}},"loc":{"start":{"line":50,"column":55},"end":{"line":62,"column":3}},"line":50},"6":{"name":"(anonymous_6)","decl":{"start":{"line":63,"column":50},"end":{"line":63,"column":51}},"loc":{"start":{"line":63,"column":62},"end":{"line":71,"column":3}},"line":63},"7":{"name":"(anonymous_7)","decl":{"start":{"line":72,"column":47},"end":{"line":72,"column":48}},"loc":{"start":{"line":72,"column":59},"end":{"line":79,"column":3}},"line":72},"8":{"name":"(anonymous_8)","decl":{"start":{"line":81,"column":12},"end":{"line":81,"column":13}},"loc":{"start":{"line":81,"column":24},"end":{"line":83,"column":3}},"line":81}},"branchMap":{},"s":{"0":1,"1":1,"2":1,"3":1,"4":10,"5":10,"6":1,"7":5,"8":1,"9":1,"10":1,"11":1,"12":1,"13":1,"14":1,"15":1,"16":1,"17":1,"18":1,"19":1,"20":1,"21":1,"22":1,"23":1,"24":1,"25":1,"26":1,"27":1,"28":5},"f":{"0":1,"1":10,"2":5,"3":1,"4":1,"5":1,"6":1,"7":1,"8":5},"b":{},"_coverageSchema":"1a1c01bbd47fc00a2c39e90264f33305004495a9","hash":"f5be2f95b2cdc4bbe33f7fb0ea82902c02430046"}
,"/home/zeno/enefti/backend/src/__tests__/routes/rest/nft.test.ts": {"path":"/home/zeno/enefti/backend/src/__tests__/routes/rest/nft.test.ts","statementMap":{"0":{"start":{"line":7,"column":0},"end":{"line":83,"column":3}},"1":{"start":{"line":9,"column":17},"end":{"line":9,"column":21}},"2":{"start":{"line":10,"column":17},"end":{"line":10,"column":21}},"3":{"start":{"line":20,"column":26},"end":{"line":24,"column":3}},"4":{"start":{"line":21,"column":4},"end":{"line":21,"column":23}},"5":{"start":{"line":23,"column":4},"end":{"line":23,"column":16}},"6":{"start":{"line":27,"column":2},"end":{"line":29,"column":5}},"7":{"start":{"line":28,"column":4},"end":{"line":28,"column":28}},"8":{"start":{"line":31,"column":2},"end":{"line":38,"column":5}},"9":{"start":{"line":32,"column":4},"end":{"line":35,"column":19}},"10":{"start":{"line":37,"column":4},"end":{"line":37,"column":52}},"11":{"start":{"line":39,"column":2},"end":{"line":48,"column":5}},"12":{"start":{"line":40,"column":4},"end":{"line":44,"column":19}},"13":{"start":{"line":46,"column":4},"end":{"line":46,"column":41}},"14":{"start":{"line":47,"column":4},"end":{"line":47,"column":39}},"15":{"start":{"line":49,"column":2},"end":{"line":63,"column":5}},"16":{"start":{"line":50,"column":4},"end":{"line":55,"column":19}},"17":{"start":{"line":57,"column":4},"end":{"line":57,"column":41}},"18":{"start":{"line":59,"column":27},"end":{"line":59,"column":40}},"19":{"start":{"line":61,"column":4},"end":{"line":61,"column":25}},"20":{"start":{"line":62,"column":4},"end":{"line":62,"column":30}},"21":{"start":{"line":64,"column":2},"end":{"line":70,"column":5}},"22":{"start":{"line":65,"column":4},"end":{"line":69,"column":19}},"23":{"start":{"line":71,"column":2},"end":{"line":78,"column":5}},"24":{"start":{"line":72,"column":4},"end":{"line":75,"column":19}},"25":{"start":{"line":77,"column":4},"end":{"line":77,"column":61}},"26":{"start":{"line":80,"column":2},"end":{"line":82,"column":5}},"27":{"start":{"line":81,"column":4},"end":{"line":81,"column":28}}},"fnMap":{"0":{"name":"(anonymous_0)","decl":{"start":{"line":7,"column":37},"end":{"line":7,"column":38}},"loc":{"start":{"line":7,"column":43},"end":{"line":83,"column":1}},"line":7},"1":{"name":"(anonymous_1)","decl":{"start":{"line":20,"column":26},"end":{"line":20,"column":27}},"loc":{"start":{"line":20,"column":53},"end":{"line":24,"column":3}},"line":20},"2":{"name":"(anonymous_2)","decl":{"start":{"line":27,"column":13},"end":{"line":27,"column":14}},"loc":{"start":{"line":27,"column":25},"end":{"line":29,"column":3}},"line":27},"3":{"name":"(anonymous_3)","decl":{"start":{"line":31,"column":28},"end":{"line":31,"column":29}},"loc":{"start":{"line":31,"column":40},"end":{"line":38,"column":3}},"line":31},"4":{"name":"(anonymous_4)","decl":{"start":{"line":39,"column":34},"end":{"line":39,"column":35}},"loc":{"start":{"line":39,"column":46},"end":{"line":48,"column":3}},"line":39},"5":{"name":"(anonymous_5)","decl":{"start":{"line":49,"column":43},"end":{"line":49,"column":44}},"loc":{"start":{"line":49,"column":55},"end":{"line":63,"column":3}},"line":49},"6":{"name":"(anonymous_6)","decl":{"start":{"line":64,"column":50},"end":{"line":64,"column":51}},"loc":{"start":{"line":64,"column":62},"end":{"line":70,"column":3}},"line":64},"7":{"name":"(anonymous_7)","decl":{"start":{"line":71,"column":47},"end":{"line":71,"column":48}},"loc":{"start":{"line":71,"column":59},"end":{"line":78,"column":3}},"line":71},"8":{"name":"(anonymous_8)","decl":{"start":{"line":80,"column":12},"end":{"line":80,"column":13}},"loc":{"start":{"line":80,"column":24},"end":{"line":82,"column":3}},"line":80}},"branchMap":{},"s":{"0":1,"1":1,"2":1,"3":1,"4":10,"5":10,"6":1,"7":5,"8":1,"9":1,"10":1,"11":1,"12":1,"13":1,"14":1,"15":1,"16":1,"17":1,"18":1,"19":1,"20":1,"21":1,"22":1,"23":1,"24":1,"25":1,"26":1,"27":5},"f":{"0":1,"1":10,"2":5,"3":1,"4":1,"5":1,"6":1,"7":1,"8":5},"b":{},"_coverageSchema":"1a1c01bbd47fc00a2c39e90264f33305004495a9","hash":"2525ca00bdd4511b304653ceb65f0f7bf4d48b65"}
,"/home/zeno/enefti/backend/src/graphql/typeDefs.ts": {"path":"/home/zeno/enefti/backend/src/graphql/typeDefs.ts","statementMap":{"0":{"start":{"line":5,"column":17},"end":{"line":9,"column":1}}},"fnMap":{},"branchMap":{},"s":{"0":1},"f":{},"b":{},"_coverageSchema":"1a1c01bbd47fc00a2c39e90264f33305004495a9","hash":"1669a4819076822d3437e168a90e8adc1cbca720"}
,"/home/zeno/enefti/backend/src/utils/constants.ts": {"path":"/home/zeno/enefti/backend/src/utils/constants.ts","statementMap":{"0":{"start":{"line":9,"column":68},"end":{"line":9,"column":79}},"1":{"start":{"line":10,"column":21},"end":{"line":10,"column":25}},"2":{"start":{"line":11,"column":16},"end":{"line":22,"column":1}},"3":{"start":{"line":23,"column":14},"end":{"line":25,"column":1}},"4":{"start":{"line":26,"column":15},"end":{"line":40,"column":1}},"5":{"start":{"line":41,"column":11},"end":{"line":41,"column":37}},"6":{"start":{"line":42,"column":14},"end":{"line":42,"column":27}},"7":{"start":{"line":43,"column":13},"end":{"line":85,"column":1}}},"fnMap":{},"branchMap":{},"s":{"0":1,"1":1,"2":1,"3":1,"4":1,"5":1,"6":1,"7":1},"f":{},"b":{},"_coverageSchema":"1a1c01bbd47fc00a2c39e90264f33305004495a9","hash":"be5ec9e1dde25875cecd58724f09d006c12fbde2"}
}
