{"/home/zeno/enefti/backend/src/__tests__/routes/graphql/nft.test.ts": {"path":"/home/zeno/enefti/backend/src/__tests__/routes/graphql/nft.test.ts","statementMap":{"0":{"start":{"line":7,"column":0},"end":{"line":105,"column":3}},"1":{"start":{"line":9,"column":17},"end":{"line":9,"column":21}},"2":{"start":{"line":11,"column":26},"end":{"line":11,"column":30}},"3":{"start":{"line":21,"column":26},"end":{"line":25,"column":3}},"4":{"start":{"line":22,"column":4},"end":{"line":22,"column":23}},"5":{"start":{"line":24,"column":4},"end":{"line":24,"column":16}},"6":{"start":{"line":28,"column":2},"end":{"line":30,"column":14}},"7":{"start":{"line":29,"column":4},"end":{"line":29,"column":28}},"8":{"start":{"line":32,"column":2},"end":{"line":44,"column":4}},"9":{"start":{"line":35,"column":6},"end":{"line":39,"column":21}},"10":{"start":{"line":41,"column":6},"end":{"line":41,"column":64}},"11":{"start":{"line":45,"column":2},"end":{"line":58,"column":4}},"12":{"start":{"line":48,"column":6},"end":{"line":52,"column":21}},"13":{"start":{"line":54,"column":6},"end":{"line":54,"column":43}},"14":{"start":{"line":55,"column":6},"end":{"line":55,"column":49}},"15":{"start":{"line":59,"column":2},"end":{"line":75,"column":4}},"16":{"start":{"line":62,"column":6},"end":{"line":66,"column":21}},"17":{"start":{"line":67,"column":6},"end":{"line":67,"column":43}},"18":{"start":{"line":69,"column":28},"end":{"line":69,"column":60}},"19":{"start":{"line":71,"column":6},"end":{"line":71,"column":26}},"20":{"start":{"line":72,"column":6},"end":{"line":72,"column":32}},"21":{"start":{"line":76,"column":2},"end":{"line":88,"column":4}},"22":{"start":{"line":79,"column":6},"end":{"line":83,"column":21}},"23":{"start":{"line":85,"column":6},"end":{"line":85,"column":55}},"24":{"start":{"line":89,"column":2},"end":{"line":100,"column":4}},"25":{"start":{"line":92,"column":6},"end":{"line":95,"column":21}},"26":{"start":{"line":97,"column":6},"end":{"line":97,"column":55}},"27":{"start":{"line":102,"column":2},"end":{"line":104,"column":14}},"28":{"start":{"line":103,"column":4},"end":{"line":103,"column":28}}},"fnMap":{"0":{"name":"(anonymous_0)","decl":{"start":{"line":7,"column":40},"end":{"line":7,"column":41}},"loc":{"start":{"line":7,"column":46},"end":{"line":105,"column":1}},"line":7},"1":{"name":"(anonymous_1)","decl":{"start":{"line":21,"column":26},"end":{"line":21,"column":27}},"loc":{"start":{"line":21,"column":53},"end":{"line":25,"column":3}},"line":21},"2":{"name":"(anonymous_2)","decl":{"start":{"line":28,"column":13},"end":{"line":28,"column":14}},"loc":{"start":{"line":28,"column":25},"end":{"line":30,"column":3}},"line":28},"3":{"name":"(anonymous_3)","decl":{"start":{"line":34,"column":4},"end":{"line":34,"column":5}},"loc":{"start":{"line":34,"column":16},"end":{"line":42,"column":5}},"line":34},"4":{"name":"(anonymous_4)","decl":{"start":{"line":47,"column":4},"end":{"line":47,"column":5}},"loc":{"start":{"line":47,"column":16},"end":{"line":56,"column":5}},"line":47},"5":{"name":"(anonymous_5)","decl":{"start":{"line":61,"column":4},"end":{"line":61,"column":5}},"loc":{"start":{"line":61,"column":16},"end":{"line":73,"column":5}},"line":61},"6":{"name":"(anonymous_6)","decl":{"start":{"line":78,"column":4},"end":{"line":78,"column":5}},"loc":{"start":{"line":78,"column":16},"end":{"line":86,"column":5}},"line":78},"7":{"name":"(anonymous_7)","decl":{"start":{"line":91,"column":4},"end":{"line":91,"column":5}},"loc":{"start":{"line":91,"column":16},"end":{"line":98,"column":5}},"line":91},"8":{"name":"(anonymous_8)","decl":{"start":{"line":102,"column":12},"end":{"line":102,"column":13}},"loc":{"start":{"line":102,"column":24},"end":{"line":104,"column":3}},"line":102}},"branchMap":{},"s":{"0":1,"1":1,"2":1,"3":1,"4":10,"5":10,"6":1,"7":5,"8":1,"9":1,"10":1,"11":1,"12":1,"13":1,"14":1,"15":1,"16":1,"17":1,"18":1,"19":1,"20":1,"21":1,"22":1,"23":1,"24":1,"25":1,"26":1,"27":1,"28":5},"f":{"0":1,"1":10,"2":5,"3":1,"4":1,"5":1,"6":1,"7":1,"8":5},"b":{},"_coverageSchema":"1a1c01bbd47fc00a2c39e90264f33305004495a9","hash":"c9747d16c8a46056c0fbdd2c113fd01613157799"}
,"/home/zeno/enefti/backend/src/__tests__/routes/rest/nft.test.ts": {"path":"/home/zeno/enefti/backend/src/__tests__/routes/rest/nft.test.ts","statementMap":{"0":{"start":{"line":7,"column":0},"end":{"line":100,"column":3}},"1":{"start":{"line":9,"column":17},"end":{"line":9,"column":21}},"2":{"start":{"line":11,"column":26},"end":{"line":11,"column":30}},"3":{"start":{"line":21,"column":26},"end":{"line":25,"column":3}},"4":{"start":{"line":22,"column":4},"end":{"line":22,"column":23}},"5":{"start":{"line":24,"column":4},"end":{"line":24,"column":16}},"6":{"start":{"line":28,"column":2},"end":{"line":30,"column":14}},"7":{"start":{"line":29,"column":4},"end":{"line":29,"column":28}},"8":{"start":{"line":32,"column":2},"end":{"line":43,"column":4}},"9":{"start":{"line":35,"column":6},"end":{"line":38,"column":21}},"10":{"start":{"line":40,"column":6},"end":{"line":40,"column":59}},"11":{"start":{"line":44,"column":2},"end":{"line":57,"column":4}},"12":{"start":{"line":47,"column":6},"end":{"line":51,"column":21}},"13":{"start":{"line":53,"column":6},"end":{"line":53,"column":43}},"14":{"start":{"line":54,"column":6},"end":{"line":54,"column":41}},"15":{"start":{"line":58,"column":2},"end":{"line":76,"column":4}},"16":{"start":{"line":61,"column":6},"end":{"line":66,"column":21}},"17":{"start":{"line":68,"column":6},"end":{"line":68,"column":43}},"18":{"start":{"line":70,"column":29},"end":{"line":70,"column":45}},"19":{"start":{"line":72,"column":6},"end":{"line":72,"column":27}},"20":{"start":{"line":73,"column":6},"end":{"line":73,"column":32}},"21":{"start":{"line":77,"column":2},"end":{"line":87,"column":4}},"22":{"start":{"line":80,"column":6},"end":{"line":84,"column":21}},"23":{"start":{"line":88,"column":2},"end":{"line":95,"column":5}},"24":{"start":{"line":89,"column":4},"end":{"line":92,"column":19}},"25":{"start":{"line":94,"column":4},"end":{"line":94,"column":61}},"26":{"start":{"line":97,"column":2},"end":{"line":99,"column":14}},"27":{"start":{"line":98,"column":4},"end":{"line":98,"column":28}}},"fnMap":{"0":{"name":"(anonymous_0)","decl":{"start":{"line":7,"column":37},"end":{"line":7,"column":38}},"loc":{"start":{"line":7,"column":43},"end":{"line":100,"column":1}},"line":7},"1":{"name":"(anonymous_1)","decl":{"start":{"line":21,"column":26},"end":{"line":21,"column":27}},"loc":{"start":{"line":21,"column":53},"end":{"line":25,"column":3}},"line":21},"2":{"name":"(anonymous_2)","decl":{"start":{"line":28,"column":13},"end":{"line":28,"column":14}},"loc":{"start":{"line":28,"column":25},"end":{"line":30,"column":3}},"line":28},"3":{"name":"(anonymous_3)","decl":{"start":{"line":34,"column":4},"end":{"line":34,"column":5}},"loc":{"start":{"line":34,"column":16},"end":{"line":41,"column":5}},"line":34},"4":{"name":"(anonymous_4)","decl":{"start":{"line":46,"column":4},"end":{"line":46,"column":5}},"loc":{"start":{"line":46,"column":16},"end":{"line":55,"column":5}},"line":46},"5":{"name":"(anonymous_5)","decl":{"start":{"line":60,"column":4},"end":{"line":60,"column":5}},"loc":{"start":{"line":60,"column":16},"end":{"line":74,"column":5}},"line":60},"6":{"name":"(anonymous_6)","decl":{"start":{"line":79,"column":4},"end":{"line":79,"column":5}},"loc":{"start":{"line":79,"column":16},"end":{"line":85,"column":5}},"line":79},"7":{"name":"(anonymous_7)","decl":{"start":{"line":88,"column":47},"end":{"line":88,"column":48}},"loc":{"start":{"line":88,"column":59},"end":{"line":95,"column":3}},"line":88},"8":{"name":"(anonymous_8)","decl":{"start":{"line":97,"column":12},"end":{"line":97,"column":13}},"loc":{"start":{"line":97,"column":24},"end":{"line":99,"column":3}},"line":97}},"branchMap":{},"s":{"0":1,"1":1,"2":1,"3":1,"4":10,"5":10,"6":1,"7":5,"8":1,"9":1,"10":1,"11":1,"12":1,"13":1,"14":1,"15":1,"16":1,"17":1,"18":1,"19":1,"20":1,"21":1,"22":1,"23":1,"24":1,"25":1,"26":1,"27":5},"f":{"0":1,"1":10,"2":5,"3":1,"4":1,"5":1,"6":1,"7":1,"8":5},"b":{},"_coverageSchema":"1a1c01bbd47fc00a2c39e90264f33305004495a9","hash":"54378b176fb58f628e9f4f4cfa4ee5a555915ff1"}
,"/home/zeno/enefti/backend/src/utils/constants.ts": {"path":"/home/zeno/enefti/backend/src/utils/constants.ts","statementMap":{"0":{"start":{"line":9,"column":68},"end":{"line":9,"column":79}},"1":{"start":{"line":11,"column":13},"end":{"line":11,"column":22}},"2":{"start":{"line":12,"column":21},"end":{"line":12,"column":25}},"3":{"start":{"line":13,"column":16},"end":{"line":25,"column":1}},"4":{"start":{"line":26,"column":14},"end":{"line":28,"column":1}},"5":{"start":{"line":29,"column":15},"end":{"line":47,"column":1}},"6":{"start":{"line":48,"column":11},"end":{"line":48,"column":37}},"7":{"start":{"line":49,"column":14},"end":{"line":49,"column":50}},"8":{"start":{"line":50,"column":13},"end":{"line":93,"column":1}}},"fnMap":{},"branchMap":{},"s":{"0":1,"1":1,"2":1,"3":1,"4":1,"5":1,"6":1,"7":1,"8":1},"f":{},"b":{},"_coverageSchema":"1a1c01bbd47fc00a2c39e90264f33305004495a9","hash":"d51c57cd08770263e6552134bf4afd6c1114938b"}
}
