TN:
SF:src/server.ts
FN:40,(anonymous_0)
FN:60,(anonymous_1)
FN:63,(anonymous_2)
FNF:3
FNH:2
FNDA:1,(anonymous_0)
FNDA:1,(anonymous_1)
FNDA:0,(anonymous_2)
DA:17,1
DA:19,1
DA:21,1
DA:40,1
DA:41,1
DA:44,1
DA:48,1
DA:50,1
DA:59,1
DA:61,1
DA:64,0
DA:67,1
DA:70,1
LF:13
LH:12
BRDA:19,0,0,1
BRDA:19,0,1,0
BRF:2
BRH:1
end_of_record
TN:
SF:src/__tests__/routes/graphql/nft.test.ts
FN:7,(anonymous_0)
FN:20,(anonymous_1)
FN:27,(anonymous_2)
FN:31,(anonymous_3)
FN:40,(anonymous_4)
FN:50,(anonymous_5)
FN:63,(anonymous_6)
FN:72,(anonymous_7)
FN:81,(anonymous_8)
FNF:9
FNH:9
FNDA:1,(anonymous_0)
FNDA:10,(anonymous_1)
FNDA:5,(anonymous_2)
FNDA:1,(anonymous_3)
FNDA:1,(anonymous_4)
FNDA:1,(anonymous_5)
FNDA:1,(anonymous_6)
FNDA:1,(anonymous_7)
FNDA:5,(anonymous_8)
DA:7,1
DA:9,1
DA:10,1
DA:20,1
DA:21,10
DA:23,10
DA:27,1
DA:28,5
DA:31,1
DA:32,1
DA:38,1
DA:40,1
DA:41,1
DA:47,1
DA:48,1
DA:50,1
DA:51,1
DA:56,1
DA:58,1
DA:60,1
DA:61,1
DA:63,1
DA:64,1
DA:70,1
DA:72,1
DA:73,1
DA:78,1
DA:81,1
DA:82,5
LF:29
LH:29
BRF:0
BRH:0
end_of_record
TN:
SF:src/__tests__/routes/rest/nft.test.ts
FN:7,(anonymous_0)
FN:20,(anonymous_1)
FN:27,(anonymous_2)
FN:31,(anonymous_3)
FN:39,(anonymous_4)
FN:49,(anonymous_5)
FN:64,(anonymous_6)
FN:71,(anonymous_7)
FN:80,(anonymous_8)
FNF:9
FNH:9
FNDA:1,(anonymous_0)
FNDA:10,(anonymous_1)
FNDA:5,(anonymous_2)
FNDA:1,(anonymous_3)
FNDA:1,(anonymous_4)
FNDA:1,(anonymous_5)
FNDA:1,(anonymous_6)
FNDA:1,(anonymous_7)
FNDA:5,(anonymous_8)
DA:7,1
DA:9,1
DA:10,1
DA:20,1
DA:21,10
DA:23,10
DA:27,1
DA:28,5
DA:31,1
DA:32,1
DA:37,1
DA:39,1
DA:40,1
DA:46,1
DA:47,1
DA:49,1
DA:50,1
DA:57,1
DA:59,1
DA:61,1
DA:62,1
DA:64,1
DA:65,1
DA:71,1
DA:72,1
DA:77,1
DA:80,1
DA:81,5
LF:28
LH:28
BRF:0
BRH:0
end_of_record
TN:
SF:src/graphql/typeDefs.ts
FNF:0
FNH:0
DA:5,1
LF:1
LH:1
BRF:0
BRH:0
end_of_record
TN:
SF:src/utils/constants.ts
FNF:0
FNH:0
DA:9,1
DA:10,1
DA:11,1
DA:23,1
DA:26,1
DA:41,1
DA:42,1
DA:43,1
LF:8
LH:8
BRF:0
BRH:0
end_of_record
