TN:
SF:src/__tests__/routes/graphql/nft.test.ts
FN:7,(anonymous_0)
FN:21,(anonymous_1)
FN:28,(anonymous_2)
FN:34,(anonymous_3)
FN:47,(anonymous_4)
FN:61,(anonymous_5)
FN:78,(anonymous_6)
FN:91,(anonymous_7)
FN:102,(anonymous_8)
FNF:9
FNH:9
FNDA:1,(anonymous_0)
FNDA:10,(anonymous_1)
FNDA:5,(anonymous_2)
FNDA:1,(anonymous_3)
FNDA:1,(anonymous_4)
FNDA:1,(anonymous_5)
FNDA:1,(anonymous_6)
FNDA:1,(anonymous_7)
FNDA:5,(anonymous_8)
DA:7,1
DA:9,1
DA:11,1
DA:21,1
DA:22,10
DA:24,10
DA:28,1
DA:29,5
DA:32,1
DA:35,1
DA:41,1
DA:45,1
DA:48,1
DA:54,1
DA:55,1
DA:59,1
DA:62,1
DA:67,1
DA:69,1
DA:71,1
DA:72,1
DA:76,1
DA:79,1
DA:85,1
DA:89,1
DA:92,1
DA:97,1
DA:102,1
DA:103,5
LF:29
LH:29
BRF:0
BRH:0
end_of_record
TN:
SF:src/__tests__/routes/rest/nft.test.ts
FN:7,(anonymous_0)
FN:21,(anonymous_1)
FN:28,(anonymous_2)
FN:34,(anonymous_3)
FN:46,(anonymous_4)
FN:60,(anonymous_5)
FN:79,(anonymous_6)
FN:88,(anonymous_7)
FN:97,(anonymous_8)
FNF:9
FNH:9
FNDA:1,(anonymous_0)
FNDA:10,(anonymous_1)
FNDA:5,(anonymous_2)
FNDA:1,(anonymous_3)
FNDA:1,(anonymous_4)
FNDA:1,(anonymous_5)
FNDA:1,(anonymous_6)
FNDA:1,(anonymous_7)
FNDA:5,(anonymous_8)
DA:7,1
DA:9,1
DA:11,1
DA:21,1
DA:22,10
DA:24,10
DA:28,1
DA:29,5
DA:32,1
DA:35,1
DA:40,1
DA:44,1
DA:47,1
DA:53,1
DA:54,1
DA:58,1
DA:61,1
DA:68,1
DA:70,1
DA:72,1
DA:73,1
DA:77,1
DA:80,1
DA:88,1
DA:89,1
DA:94,1
DA:97,1
DA:98,5
LF:28
LH:28
BRF:0
BRH:0
end_of_record
TN:
SF:src/utils/constants.ts
FNF:0
FNH:0
DA:9,1
DA:11,1
DA:12,1
DA:13,1
DA:26,1
DA:29,1
DA:48,1
DA:49,1
DA:50,1
LF:9
LH:9
BRF:0
BRH:0
end_of_record
